CRITICAL - 2023-11-17 01:59:09 --> Attempt to read property "trackcode" on null
in APPPATH\Controllers\MainController.php on line 23.
 1 APPPATH\Controllers\MainController.php(23): CodeIgniter\Debug\Exceptions->errorHandler(2, 'Attempt to read property "trackcode" on null', 'C:\\laragon\\www\\backend\\app\\Controllers\\MainController.php', 23)
 2 SYSTEMPATH\CodeIgniter.php(942): App\Controllers\MainController->save()
 3 SYSTEMPATH\CodeIgniter.php(502): CodeIgniter\CodeIgniter->runController(Object(App\Controllers\MainController))
 4 SYSTEMPATH\CodeIgniter.php(361): CodeIgniter\CodeIgniter->handleRequest(null, Object(Config\Cache), false)
 5 FCPATH\index.php(85): CodeIgniter\CodeIgniter->run()
CRITICAL - 2023-11-17 01:59:10 --> Attempt to read property "trackcode" on null
in APPPATH\Controllers\MainController.php on line 23.
 1 APPPATH\Controllers\MainController.php(23): CodeIgniter\Debug\Exceptions->errorHandler(2, 'Attempt to read property "trackcode" on null', 'C:\\laragon\\www\\backend\\app\\Controllers\\MainController.php', 23)
 2 SYSTEMPATH\CodeIgniter.php(942): App\Controllers\MainController->save()
 3 SYSTEMPATH\CodeIgniter.php(502): CodeIgniter\CodeIgniter->runController(Object(App\Controllers\MainController))
 4 SYSTEMPATH\CodeIgniter.php(361): CodeIgniter\CodeIgniter->handleRequest(null, Object(Config\Cache), false)
 5 FCPATH\index.php(85): CodeIgniter\CodeIgniter->run()
CRITICAL - 2023-11-17 01:59:10 --> Attempt to read property "trackcode" on null
in APPPATH\Controllers\MainController.php on line 23.
 1 APPPATH\Controllers\MainController.php(23): CodeIgniter\Debug\Exceptions->errorHandler(2, 'Attempt to read property "trackcode" on null', 'C:\\laragon\\www\\backend\\app\\Controllers\\MainController.php', 23)
 2 SYSTEMPATH\CodeIgniter.php(942): App\Controllers\MainController->save()
 3 SYSTEMPATH\CodeIgniter.php(502): CodeIgniter\CodeIgniter->runController(Object(App\Controllers\MainController))
 4 SYSTEMPATH\CodeIgniter.php(361): CodeIgniter\CodeIgniter->handleRequest(null, Object(Config\Cache), false)
 5 FCPATH\index.php(85): CodeIgniter\CodeIgniter->run()
